[03/01/2026 00:01:25 🇨🇺] 🇨🇺 INICIANDO ENVÍOS PROGRAMADOS PARA CUBA
[03/01/2026 00:01:25 🇨🇺] ⏰ Hora Cuba: 03/01/2026 00:01:25
[03/01/2026 00:01:25 🇨🇺] 📍 Zona Horaria: America/Havana
[03/01/2026 00:01:25 🇨🇺] ℹ️ No hay envíos programados para este horario
[03/01/2026 00:03:54 🇨🇺] 🇨🇺 INICIANDO ENVÍOS PROGRAMADOS PARA CUBA
[03/01/2026 00:03:54 🇨🇺] ⏰ Hora Cuba: 03/01/2026 00:03:54
[03/01/2026 00:03:54 🇨🇺] 📍 Zona Horaria: America/Havana
[03/01/2026 00:03:54 🇨🇺] ℹ️ No hay envíos programados para este horario
[03/01/2026 00:05:02 🇨🇺] 🇨🇺 INICIANDO ENVÍOS PROGRAMADOS PARA CUBA
[03/01/2026 00:05:02 🇨🇺] ⏰ Hora Cuba: 03/01/2026 00:05:02
[03/01/2026 00:05:02 🇨🇺] 📍 Zona Horaria: America/Havana
[03/01/2026 00:05:02 🇨🇺] ℹ️ No hay envíos programados para este horario
[03/01/2026 00:05:21 🇨🇺] 🇨🇺 INICIANDO ENVÍOS PROGRAMADOS PARA CUBA
[03/01/2026 00:05:21 🇨🇺] ⏰ Hora Cuba: 03/01/2026 00:05:21
[03/01/2026 00:05:21 🇨🇺] 📍 Zona Horaria: America/Havana
[03/01/2026 00:05:21 🇨🇺] 🚀 Ejecutando: diaria a las 00:05
[03/01/2026 00:05:21 🇨🇺] ⚠️ Sin ofertas diaria
[03/01/2026 00:05:55 🇨🇺] 🇨🇺 INICIANDO ENVÍOS PROGRAMADOS PARA CUBA
[03/01/2026 00:05:55 🇨🇺] ⏰ Hora Cuba: 03/01/2026 00:05:55
[03/01/2026 00:05:55 🇨🇺] 📍 Zona Horaria: America/Havana
[03/01/2026 00:05:55 🇨🇺] 🚀 Ejecutando: diaria a las 00:05
[03/01/2026 00:05:55 🇨🇺] ⚠️ Sin ofertas diaria
[03/01/2026 00:14:36 🇨🇺] 🇨🇺 INICIANDO ENVÍOS PROGRAMADOS PARA CUBA
[03/01/2026 00:14:36 🇨🇺] ⏰ Hora Cuba: 03/01/2026 00:14:36
[03/01/2026 00:14:37 🇨🇺] 📍 Zona Horaria: America/Havana
[03/01/2026 00:14:37 🇨🇺] 🚀 Ejecutando: diaria a las 00:14
[03/01/2026 00:14:37 🇨🇺] ⚠️ Sin ofertas diaria
[03/01/2026 00:18:06 🇨🇺] 🇨🇺 INICIANDO ENVÍOS PROGRAMADOS PARA CUBA
[03/01/2026 00:18:06 🇨🇺] ⏰ Hora Cuba: 03/01/2026 00:18:06
[03/01/2026 00:18:06 🇨🇺] 📍 Zona Horaria: America/Havana
[03/01/2026 00:18:06 🇨🇺] 🚀 Ejecutando: diaria a las 00:18
[03/01/2026 00:18:06 🇨🇺] ⚠️ Sin ofertas diaria
[03/01/2026 00:27:02 🇨🇺] 🇨🇺 INICIANDO ENVÍOS PROGRAMADOS PARA CUBA
[03/01/2026 00:27:02 🇨🇺] ⏰ Hora Cuba: 03/01/2026 00:27:02
[03/01/2026 00:27:02 🇨🇺] 📍 Zona Horaria: America/Havana
[03/01/2026 00:27:02 🇨🇺] 🚀 Ejecutando: diaria a las 00:27
[03/01/2026 00:27:02 🇨🇺] ⚠️ Sin ofertas diaria
[03/01/2026 00:27:20 🇨🇺] 🇨🇺 INICIANDO ENVÍOS PROGRAMADOS PARA CUBA
[03/01/2026 00:27:20 🇨🇺] ⏰ Hora Cuba: 03/01/2026 00:27:20
[03/01/2026 00:27:20 🇨🇺] 📍 Zona Horaria: America/Havana
[03/01/2026 00:27:20 🇨🇺] 🚀 Ejecutando: diaria a las 00:27
[03/01/2026 00:27:20 🇨🇺] ⚠️ Sin ofertas diaria
[03/01/2026 00:31:05 🇨🇺] 🇨🇺 INICIANDO ENVÍOS PROGRAMADOS PARA CUBA
[03/01/2026 00:31:05 🇨🇺] ⏰ Hora Cuba: 03/01/2026 00:31:05
[03/01/2026 00:31:05 🇨🇺] 📍 Zona Horaria: America/Havana
[03/01/2026 00:31:05 🇨🇺] ℹ️ No hay envíos programados para este horario
[03/01/2026 00:31:58 🇨🇺] 🇨🇺 INICIANDO ENVÍOS PROGRAMADOS PARA CUBA
[03/01/2026 00:31:58 🇨🇺] ⏰ Hora Cuba: 03/01/2026 00:31:58
[03/01/2026 00:31:58 🇨🇺] 📍 Zona Horaria: America/Havana
[03/01/2026 00:31:58 🇨🇺] ℹ️ No hay envíos programados para este horario
[03/01/2026 00:34:04 🇨🇺] 🇨🇺 INICIANDO ENVÍOS PROGRAMADOS PARA CUBA
[03/01/2026 00:34:05 🇨🇺] ⏰ Hora Cuba: 03/01/2026 00:34:05
[03/01/2026 00:34:05 🇨🇺] 📍 Zona Horaria: America/Havana
[03/01/2026 00:34:05 🇨🇺] 🚀 Ejecutando: diaria a las 00:34
[03/01/2026 00:34:05 🇨🇺] ❌ noeldavidchaconsanchez@gmail.com
[03/01/2026 00:34:06 🇨🇺] 📊 diaria: 0/1 enviados
[03/01/2026 00:41:03 🇨🇺] 🇨🇺 INICIANDO ENVÍOS PROGRAMADOS PARA CUBA
[03/01/2026 00:41:03 🇨🇺] ⏰ Hora Cuba: 03/01/2026 00:41:03
[03/01/2026 00:41:03 🇨🇺] 📍 Zona Horaria: America/Havana
[03/01/2026 00:41:03 🇨🇺] 🚀 Ejecutando: diaria a las 00:41
[03/01/2026 00:41:03 🇨🇺] ❌ noeldavidchaconsanchez@gmail.com
[03/01/2026 00:41:04 🇨🇺] 📊 diaria: 0/1 enviados
[03/01/2026 00:41:33 🇨🇺] 🇨🇺 INICIANDO ENVÍOS PROGRAMADOS PARA CUBA
[03/01/2026 00:41:33 🇨🇺] ⏰ Hora Cuba: 03/01/2026 00:41:33
[03/01/2026 00:41:33 🇨🇺] 📍 Zona Horaria: America/Havana
[03/01/2026 00:41:33 🇨🇺] 🚀 Ejecutando: diaria a las 00:41
[03/01/2026 00:41:33 🇨🇺] ❌ noeldavidchaconsanchez@gmail.com
[03/01/2026 00:41:34 🇨🇺] 📊 diaria: 0/1 enviados
[03/01/2026 00:50:02 🇨🇺] 🇨🇺 INICIANDO ENVÍOS PROGRAMADOS PARA CUBA
[03/01/2026 00:50:02 🇨🇺] ⏰ Hora Cuba: 03/01/2026 00:50:02
[03/01/2026 00:50:02 🇨🇺] 📍 Zona Horaria: America/Havana
[03/01/2026 00:50:02 🇨🇺] 🚀 Ejecutando: diaria a las 00:50
[03/01/2026 00:50:02 🇨🇺] ❌ noeldavidchaconsanchez@gmail.com
[03/01/2026 00:50:03 🇨🇺] 📊 diaria: 0/1 enviados
[03/01/2026 00:53:04 🇨🇺] 🇨🇺 INICIANDO ENVÍOS PROGRAMADOS PARA CUBA
[03/01/2026 00:53:04 🇨🇺] ⏰ Hora Cuba: 03/01/2026 00:53:04
[03/01/2026 00:53:04 🇨🇺] 📍 Zona Horaria: America/Havana
[03/01/2026 00:53:04 🇨🇺] 🚀 Ejecutando: diaria a las 00:53
[03/01/2026 00:53:14 🇨🇺] ✅ noeldavidchaconsanchez@gmail.com
[03/01/2026 00:53:15 🇨🇺] 📊 diaria: 1/1 enviados
[03/01/2026 00:54:50 🇨🇺] 🇨🇺 INICIANDO ENVÍOS PROGRAMADOS PARA CUBA
[03/01/2026 00:54:50 🇨🇺] ⏰ Hora Cuba: 03/01/2026 00:54:50
[03/01/2026 00:54:50 🇨🇺] 📍 Zona Horaria: America/Havana
[03/01/2026 00:54:50 🇨🇺] 🚀 Ejecutando: diaria a las 00:54
[03/01/2026 00:55:02 🇨🇺] ✅ noeldavidchaconsanchez@gmail.com
[03/01/2026 00:55:03 🇨🇺] 📊 diaria: 1/1 enviados
[03/01/2026 22:16:42 🇨🇺] 🇨🇺 INICIANDO ENVÍOS PROGRAMADOS PARA CUBA
[03/01/2026 22:16:42 🇨🇺] ⏰ Hora Cuba: 03/01/2026 22:16:42
[03/01/2026 22:16:42 🇨🇺] 📍 Zona Horaria: America/Havana
[03/01/2026 22:16:42 🇨🇺] ℹ️ No hay envíos programados para este horario
[03/01/2026 22:17:01 🇨🇺] 🇨🇺 INICIANDO ENVÍOS PROGRAMADOS PARA CUBA
[03/01/2026 22:17:01 🇨🇺] ⏰ Hora Cuba: 03/01/2026 22:17:01
[03/01/2026 22:17:01 🇨🇺] 📍 Zona Horaria: America/Havana
[03/01/2026 22:17:01 🇨🇺] ℹ️ No hay envíos programados para este horario
[03/01/2026 22:17:43 🇨🇺] 🇨🇺 INICIANDO ENVÍOS PROGRAMADOS PARA CUBA
[03/01/2026 22:17:43 🇨🇺] ⏰ Hora Cuba: 03/01/2026 22:17:43
[03/01/2026 22:17:43 🇨🇺] 📍 Zona Horaria: America/Havana
[03/01/2026 22:17:43 🇨🇺] ℹ️ No hay envíos programados para este horario
[08/01/2026 21:00:04 🇨🇺] 🇨🇺 INICIANDO ENVÍOS PROGRAMADOS PARA CUBA
[08/01/2026 21:00:04 🇨🇺] ⏰ Hora Cuba: 08/01/2026 21:00:04
[08/01/2026 21:00:04 🇨🇺] 📍 Zona Horaria: America/Havana
[08/01/2026 21:00:04 🇨🇺] ℹ️ No hay envíos programados para este horario
[10/01/2026 21:00:03 🇨🇺] 🇨🇺 INICIANDO ENVÍOS PROGRAMADOS PARA CUBA
[10/01/2026 21:00:03 🇨🇺] ⏰ Hora Cuba: 10/01/2026 21:00:03
[10/01/2026 21:00:03 🇨🇺] 📍 Zona Horaria: America/Havana
[10/01/2026 21:00:03 🇨🇺] ℹ️ No hay envíos programados para este horario
[11/01/2026 08:37:20 🇨🇺] 🇨🇺 INICIANDO ENVÍOS PROGRAMADOS PARA CUBA
[11/01/2026 08:37:20 🇨🇺] ⏰ Hora Cuba: 11/01/2026 08:37:20
[11/01/2026 08:37:21 🇨🇺] 📍 Zona Horaria: America/Havana
[11/01/2026 08:37:21 🇨🇺] 🚀 Ejecutando: diaria a las 08:37
[11/01/2026 08:37:28 🇨🇺] ✅ noeldavidchaconsanchez@gmail.com
[11/01/2026 08:37:30 🇨🇺] 📊 diaria: 1/1 enviados
[12/01/2026 21:00:02 🇨🇺] 🇨🇺 INICIANDO ENVÍOS PROGRAMADOS PARA CUBA
[12/01/2026 21:00:02 🇨🇺] ⏰ Hora Cuba: 12/01/2026 21:00:02
[12/01/2026 21:00:02 🇨🇺] 📍 Zona Horaria: America/Havana
[12/01/2026 21:00:02 🇨🇺] ℹ️ No hay envíos programados para este horario
[12/01/2026 22:00:04 🇨🇺] 🇨🇺 INICIANDO ENVÍOS PROGRAMADOS PARA CUBA
[12/01/2026 22:00:04 🇨🇺] ⏰ Hora Cuba: 12/01/2026 22:00:04
[12/01/2026 22:00:04 🇨🇺] 📍 Zona Horaria: America/Havana
[12/01/2026 22:00:04 🇨🇺] ℹ️ No hay envíos programados para este horario
[14/01/2026 21:01:57 🇨🇺] 🇨🇺 INICIANDO ENVÍOS PROGRAMADOS PARA CUBA
[14/01/2026 21:01:57 🇨🇺] ⏰ Hora Cuba: 14/01/2026 21:01:57
[14/01/2026 21:01:57 🇨🇺] 📍 Zona Horaria: America/Havana
[14/01/2026 21:01:57 🇨🇺] ℹ️ No hay envíos programados para este horario
[16/01/2026 21:00:01 🇨🇺] 🇨🇺 INICIANDO ENVÍOS PROGRAMADOS PARA CUBA
[16/01/2026 21:00:01 🇨🇺] ⏰ Hora Cuba: 16/01/2026 21:00:01
[16/01/2026 21:00:01 🇨🇺] 📍 Zona Horaria: America/Havana
[16/01/2026 21:00:01 🇨🇺] ℹ️ No hay envíos programados para este horario
[19/01/2026 21:00:19 🇨🇺] 🇨🇺 INICIANDO ENVÍOS PROGRAMADOS PARA CUBA
[19/01/2026 21:00:19 🇨🇺] ⏰ Hora Cuba: 19/01/2026 21:00:19
[19/01/2026 21:00:19 🇨🇺] 📍 Zona Horaria: America/Havana
[19/01/2026 21:00:19 🇨🇺] ℹ️ No hay envíos programados para este horario
[19/01/2026 22:00:01 🇨🇺] 🇨🇺 INICIANDO ENVÍOS PROGRAMADOS PARA CUBA
[19/01/2026 22:00:01 🇨🇺] ⏰ Hora Cuba: 19/01/2026 22:00:01
[19/01/2026 22:00:01 🇨🇺] 📍 Zona Horaria: America/Havana
[19/01/2026 22:00:01 🇨🇺] ℹ️ No hay envíos programados para este horario
[25/01/2026 21:00:01 🇨🇺] 🇨🇺 INICIANDO ENVÍOS PROGRAMADOS PARA CUBA
[25/01/2026 21:00:01 🇨🇺] ⏰ Hora Cuba: 25/01/2026 21:00:01
[25/01/2026 21:00:01 🇨🇺] 📍 Zona Horaria: America/Havana
[25/01/2026 21:00:01 🇨🇺] ℹ️ No hay envíos programados para este horario
[31/01/2026 21:03:27 🇨🇺] 🇨🇺 INICIANDO ENVÍOS PROGRAMADOS PARA CUBA
[31/01/2026 21:03:28 🇨🇺] ⏰ Hora Cuba: 31/01/2026 21:03:28
[31/01/2026 21:03:28 🇨🇺] 📍 Zona Horaria: America/Havana
[31/01/2026 21:03:28 🇨🇺] ℹ️ No hay envíos programados para este horario
